<?xml version="1.0" encoding="UTF-8"?>
<testsuite xmlns:xsi="http://www.w3.org/2001/XMLSchema-instance" xsi:noNamespaceSchemaLocation="https://maven.apache.org/surefire/maven-surefire-plugin/xsd/surefire-test-report-3.0.xsd" version="3.0" name="com.labiso.AppTest" time="0.081" tests="6" errors="0" skipped="0" failures="0">
  <properties>
[...]
</properties>
  <testcase name="testAppSimple" classname="com.labiso.AppTest" time="0.005"/>
  <testcase name="testVerificarEdadLegal_Limite18" classname="com.labiso.AppTest" time="0.0"/>
  <testcase name="testVerificarEdadLegal_MayorDeEdad" classname="com.labiso.AppTest" time="0.0"/>
  <testcase name="testGetEdadInicial" classname="com.labiso.AppTest" time="0.001"/>
  <testcase name="testSetEdad" classname="com.labiso.AppTest" time="0.0"/>
  <testcase name="testVerificarEdadLegal_MenorDeEdad" classname="com.labiso.AppTest" time="0.0"/>
</testsuite>